STATUS | wrapper  | 2015/04/01 12:57:32 | --> Wrapper Started as Console
STATUS | wrapper  | 2015/04/01 12:57:32 | Launching a JVM...
INFO   | jvm 1    | 2015/04/01 12:57:33 | Wrapper (Version 3.2.3) http://wrapper.tanukisoftware.org
INFO   | jvm 1    | 2015/04/01 12:57:33 |   Copyright 1999-2006 Tanuki Software, Inc.  All Rights Reserved.
INFO   | jvm 1    | 2015/04/01 12:57:33 | 
INFO   | jvm 1    | 2015/04/01 12:57:33 | Java Runtime: Oracle Corporation 1.8.0_05 C:\Program Files\Java\jre8
INFO   | jvm 1    | 2015/04/01 12:57:33 |   Heap sizes: current=132096k  free=130277k  max=932352k
INFO   | jvm 1    | 2015/04/01 12:57:33 |     JVM args: -Dactivemq.home=../.. -Dactivemq.base=../.. -Djavax.net.ssl.keyStorePassword=password -Djavax.net.ssl.trustStorePassword=password -Djavax.net.ssl.keyStore=../../conf/broker.ks -Djavax.net.ssl.trustStore=../../conf/broker.ts -Dcom.sun.management.jmxremote -Dorg.apache.activemq.UseDedicatedTaskRunner=true -Djava.util.logging.config.file=logging.properties -Dactivemq.conf=../../conf -Dactivemq.data=../../data -Djava.security.auth.login.config=../../conf/login.config -Xmx1024m -Djava.library.path=../../bin/win64 -Dwrapper.key=eRxmwXWyaWagY7XE -Dwrapper.port=32000 -Dwrapper.jvm.port.min=31000 -Dwrapper.jvm.port.max=31999 -Dwrapper.pid=1652 -Dwrapper.version=3.2.3 -Dwrapper.native_library=wrapper -Dwrapper.cpu.timeout=10 -Dwrapper.jvmid=1
INFO   | jvm 1    | 2015/04/01 12:57:33 | Extensions classpath:
INFO   | jvm 1    | 2015/04/01 12:57:33 |   [..\..\lib,..\..\lib\camel,..\..\lib\optional,..\..\lib\web,..\..\lib\extra]
INFO   | jvm 1    | 2015/04/01 12:57:33 | ACTIVEMQ_HOME: ..\..
INFO   | jvm 1    | 2015/04/01 12:57:33 | ACTIVEMQ_BASE: ..\..
INFO   | jvm 1    | 2015/04/01 12:57:33 | ACTIVEMQ_CONF: ..\..\conf
INFO   | jvm 1    | 2015/04/01 12:57:33 | ACTIVEMQ_DATA: ..\..\data
INFO   | jvm 1    | 2015/04/01 12:57:33 | Loading message broker from: xbean:activemq.xml
INFO   | jvm 1    | 2015/04/01 12:57:33 |  INFO | Refreshing org.apache.activemq.xbean.XBeanBrokerFactory$1@25e054a6: startup date [Wed Apr 01 12:57:33 EST 2015]; root of context hierarchy
INFO   | jvm 1    | 2015/04/01 12:57:34 |  INFO | PListStore:[C:\Program Files (x86)\apache-activemq-5.10.0\bin\win64\..\..\data\localhost\tmp_storage] started
INFO   | jvm 1    | 2015/04/01 12:57:34 |  INFO | Using Persistence Adapter: KahaDBPersistenceAdapter[C:\Program Files (x86)\apache-activemq-5.10.0\bin\win64\..\..\data\kahadb]
INFO   | jvm 1    | 2015/04/01 12:57:34 |  INFO | KahaDB is version 5
INFO   | jvm 1    | 2015/04/01 12:57:34 |  INFO | Recovering from the journal ...
INFO   | jvm 1    | 2015/04/01 12:57:35 |  INFO | Recovery replayed 12 operations from the journal in 0.031 seconds.
INFO   | jvm 1    | 2015/04/01 12:57:35 |  INFO | Apache ActiveMQ 5.10.0 (localhost, ID:apple-50986-1427853454984-0:1) is starting
INFO   | jvm 1    | 2015/04/01 12:57:35 |  INFO | Listening for connections at: tcp://apple:61616?maximumConnections=1000&wireFormat.maxFrameSize=104857600
INFO   | jvm 1    | 2015/04/01 12:57:35 |  INFO | Connector openwire started
INFO   | jvm 1    | 2015/04/01 12:57:35 |  INFO | Listening for connections at: amqp://apple:5672?maximumConnections=1000&wireFormat.maxFrameSize=104857600
INFO   | jvm 1    | 2015/04/01 12:57:35 |  INFO | Connector amqp started
INFO   | jvm 1    | 2015/04/01 12:57:35 |  INFO | Listening for connections at: stomp://apple:61613?maximumConnections=1000&wireFormat.maxFrameSize=104857600
INFO   | jvm 1    | 2015/04/01 12:57:35 |  INFO | Connector stomp started
INFO   | jvm 1    | 2015/04/01 12:57:35 |  INFO | Listening for connections at: mqtt://apple:1883?maximumConnections=1000&wireFormat.maxFrameSize=104857600
INFO   | jvm 1    | 2015/04/01 12:57:35 |  INFO | Connector mqtt started
INFO   | jvm 1    | 2015/04/01 12:57:35 |  INFO | Listening for connections at ws://apple:61614?maximumConnections=1000&wireFormat.maxFrameSize=104857600
INFO   | jvm 1    | 2015/04/01 12:57:35 |  INFO | Connector ws started
INFO   | jvm 1    | 2015/04/01 12:57:35 |  INFO | Apache ActiveMQ 5.10.0 (localhost, ID:apple-50986-1427853454984-0:1) started
INFO   | jvm 1    | 2015/04/01 12:57:35 |  INFO | For help or more information please see: http://activemq.apache.org
INFO   | jvm 1    | 2015/04/01 12:57:35 |  WARN | Store limit is 102400 mb (current store usage is 0 mb). The data directory: C:\Program Files (x86)\apache-activemq-5.10.0\bin\win64\..\..\data\kahadb only has 43758 mb of usable space - resetting to maximum available disk space: 43759 mb
INFO   | jvm 1    | 2015/04/01 12:57:35 | ERROR | Temporary Store limit is 51200 mb, whilst the temporary data directory: C:\Program Files (x86)\apache-activemq-5.10.0\bin\win64\..\..\data\localhost\tmp_storage only has 43758 mb of usable space - resetting to maximum available 43758 mb.
INFO   | jvm 1    | 2015/04/01 12:57:35 |  INFO | ActiveMQ WebConsole available at http://0.0.0.0:8161/
INFO   | jvm 1    | 2015/04/01 12:57:35 |  INFO | Initializing Spring FrameworkServlet 'dispatcher'
INFO   | jvm 1    | 2015/04/01 12:57:36 |  INFO | jolokia-agent: No access restrictor found at classpath:/jolokia-access.xml, access to all MBeans is allowed
INFO   | jvm 1    | 2015/04/01 13:00:51 |  INFO | Connector vm://localhost started
INFO   | jvm 1    | 2015/04/01 13:01:00 |  WARN | /api/message
INFO   | jvm 1    | 2015/04/01 13:01:00 | java.lang.IllegalStateException: STREAMED
INFO   | jvm 1    | 2015/04/01 13:01:00 | 	at org.eclipse.jetty.server.Request.getReader(Request.java:816)[jetty-all-server-7.6.9.v20130131.jar:7.6.9.v20130131]
INFO   | jvm 1    | 2015/04/01 13:01:00 | 	at org.apache.activemq.web.MessageServletSupport.getPostedMessageBody(MessageServletSupport.java:347)[activemq-web-5.10.0.jar:5.10.0]
INFO   | jvm 1    | 2015/04/01 13:01:00 | 	at org.apache.activemq.web.MessageServlet.doPost(MessageServlet.java:126)[activemq-web-5.10.0.jar:5.10.0]
INFO   | jvm 1    | 2015/04/01 13:01:00 | 	at javax.servlet.http.HttpServlet.service(HttpServlet.java:713)[geronimo-servlet_2.5_spec-1.2.jar:1.2]
INFO   | jvm 1    | 2015/04/01 13:01:00 | 	at javax.servlet.http.HttpServlet.service(HttpServlet.java:806)[geronimo-servlet_2.5_spec-1.2.jar:1.2]
INFO   | jvm 1    | 2015/04/01 13:01:00 | 	at org.eclipse.jetty.servlet.ServletHolder.handle(ServletHolder.java:652)[jetty-all-server-7.6.9.v20130131.jar:7.6.9.v20130131]
INFO   | jvm 1    | 2015/04/01 13:01:00 | 	at org.eclipse.jetty.servlet.ServletHandler.doHandle(ServletHandler.java:445)[jetty-all-server-7.6.9.v20130131.jar:7.6.9.v20130131]
INFO   | jvm 1    | 2015/04/01 13:01:00 | 	at org.eclipse.jetty.server.handler.ScopedHandler.handle(ScopedHandler.java:137)[jetty-all-server-7.6.9.v20130131.jar:7.6.9.v20130131]
INFO   | jvm 1    | 2015/04/01 13:01:00 | 	at org.eclipse.jetty.security.SecurityHandler.handle(SecurityHandler.java:521)[jetty-all-server-7.6.9.v20130131.jar:7.6.9.v20130131]
INFO   | jvm 1    | 2015/04/01 13:01:00 | 	at org.eclipse.jetty.server.session.SessionHandler.doHandle(SessionHandler.java:227)[jetty-all-server-7.6.9.v20130131.jar:7.6.9.v20130131]
INFO   | jvm 1    | 2015/04/01 13:01:00 | 	at org.eclipse.jetty.server.handler.ContextHandler.doHandle(ContextHandler.java:1044)[jetty-all-server-7.6.9.v20130131.jar:7.6.9.v20130131]
INFO   | jvm 1    | 2015/04/01 13:01:00 | 	at org.eclipse.jetty.servlet.ServletHandler.doScope(ServletHandler.java:372)[jetty-all-server-7.6.9.v20130131.jar:7.6.9.v20130131]
INFO   | jvm 1    | 2015/04/01 13:01:00 | 	at org.eclipse.jetty.server.session.SessionHandler.doScope(SessionHandler.java:189)[jetty-all-server-7.6.9.v20130131.jar:7.6.9.v20130131]
INFO   | jvm 1    | 2015/04/01 13:01:00 | 	at org.eclipse.jetty.server.handler.ContextHandler.doScope(ContextHandler.java:978)[jetty-all-server-7.6.9.v20130131.jar:7.6.9.v20130131]
INFO   | jvm 1    | 2015/04/01 13:01:00 | 	at org.eclipse.jetty.server.handler.ScopedHandler.handle(ScopedHandler.java:135)[jetty-all-server-7.6.9.v20130131.jar:7.6.9.v20130131]
INFO   | jvm 1    | 2015/04/01 13:01:00 | 	at org.eclipse.jetty.server.handler.HandlerCollection.handle(HandlerCollection.java:154)[jetty-all-server-7.6.9.v20130131.jar:7.6.9.v20130131]
INFO   | jvm 1    | 2015/04/01 13:01:00 | 	at org.eclipse.jetty.security.SecurityHandler.handle(SecurityHandler.java:521)[jetty-all-server-7.6.9.v20130131.jar:7.6.9.v20130131]
INFO   | jvm 1    | 2015/04/01 13:01:00 | 	at org.eclipse.jetty.server.handler.HandlerCollection.handle(HandlerCollection.java:154)[jetty-all-server-7.6.9.v20130131.jar:7.6.9.v20130131]
INFO   | jvm 1    | 2015/04/01 13:01:00 | 	at org.eclipse.jetty.server.handler.HandlerWrapper.handle(HandlerWrapper.java:116)[jetty-all-server-7.6.9.v20130131.jar:7.6.9.v20130131]
INFO   | jvm 1    | 2015/04/01 13:01:00 | 	at org.eclipse.jetty.server.Server.handle(Server.java:367)[jetty-all-server-7.6.9.v20130131.jar:7.6.9.v20130131]
INFO   | jvm 1    | 2015/04/01 13:01:00 | 	at org.eclipse.jetty.server.AbstractHttpConnection.handleRequest(AbstractHttpConnection.java:486)[jetty-all-server-7.6.9.v20130131.jar:7.6.9.v20130131]
INFO   | jvm 1    | 2015/04/01 13:01:00 | 	at org.eclipse.jetty.server.AbstractHttpConnection.content(AbstractHttpConnection.java:937)[jetty-all-server-7.6.9.v20130131.jar:7.6.9.v20130131]
INFO   | jvm 1    | 2015/04/01 13:01:00 | 	at org.eclipse.jetty.server.AbstractHttpConnection$RequestHandler.content(AbstractHttpConnection.java:998)[jetty-all-server-7.6.9.v20130131.jar:7.6.9.v20130131]
INFO   | jvm 1    | 2015/04/01 13:01:00 | 	at org.eclipse.jetty.http.HttpParser.parseNext(HttpParser.java:861)[jetty-all-server-7.6.9.v20130131.jar:7.6.9.v20130131]
INFO   | jvm 1    | 2015/04/01 13:01:00 | 	at org.eclipse.jetty.http.HttpParser.parseAvailable(HttpParser.java:240)[jetty-all-server-7.6.9.v20130131.jar:7.6.9.v20130131]
INFO   | jvm 1    | 2015/04/01 13:01:00 | 	at org.eclipse.jetty.server.AsyncHttpConnection.handle(AsyncHttpConnection.java:82)[jetty-all-server-7.6.9.v20130131.jar:7.6.9.v20130131]
INFO   | jvm 1    | 2015/04/01 13:01:00 | 	at org.eclipse.jetty.io.nio.SelectChannelEndPoint.handle(SelectChannelEndPoint.java:628)[jetty-all-server-7.6.9.v20130131.jar:7.6.9.v20130131]
INFO   | jvm 1    | 2015/04/01 13:01:00 | 	at org.eclipse.jetty.io.nio.SelectChannelEndPoint$1.run(SelectChannelEndPoint.java:52)[jetty-all-server-7.6.9.v20130131.jar:7.6.9.v20130131]
INFO   | jvm 1    | 2015/04/01 13:01:00 | 	at org.eclipse.jetty.util.thread.QueuedThreadPool.runJob(QueuedThreadPool.java:608)[jetty-all-server-7.6.9.v20130131.jar:7.6.9.v20130131]
INFO   | jvm 1    | 2015/04/01 13:01:00 | 	at org.eclipse.jetty.util.thread.QueuedThreadPool$3.run(QueuedThreadPool.java:543)[jetty-all-server-7.6.9.v20130131.jar:7.6.9.v20130131]
INFO   | jvm 1    | 2015/04/01 13:01:00 | 	at java.lang.Thread.run(Unknown Source)[:1.8.0_05]
STATUS | wrapper  | 2015/04/01 13:01:26 | CTRL-C trapped.  Shutting down.
INFO   | jvm 1    | 2015/04/01 13:01:27 |  INFO | Apache ActiveMQ 5.10.0 (localhost, ID:apple-50986-1427853454984-0:1) is shutting down
INFO   | jvm 1    | 2015/04/01 13:01:27 |  INFO | Connector openwire stopped
INFO   | jvm 1    | 2015/04/01 13:01:27 |  INFO | Connector amqp stopped
INFO   | jvm 1    | 2015/04/01 13:01:27 |  INFO | Connector stomp stopped
INFO   | jvm 1    | 2015/04/01 13:01:27 |  INFO | Connector mqtt stopped
INFO   | jvm 1    | 2015/04/01 13:01:27 |  INFO | Connector ws stopped
INFO   | jvm 1    | 2015/04/01 13:01:27 |  INFO | Connector vm://localhost stopped
INFO   | jvm 1    | 2015/04/01 13:01:27 |  INFO | PListStore:[C:\Program Files (x86)\apache-activemq-5.10.0\bin\win64\..\..\data\localhost\tmp_storage] stopped
INFO   | jvm 1    | 2015/04/01 13:01:27 |  INFO | Stopping async queue tasks
INFO   | jvm 1    | 2015/04/01 13:01:27 |  INFO | Stopping async topic tasks
INFO   | jvm 1    | 2015/04/01 13:01:27 |  INFO | Stopped KahaDB
INFO   | jvm 1    | 2015/04/01 13:01:27 |  INFO | Apache ActiveMQ 5.10.0 (localhost, ID:apple-50986-1427853454984-0:1) uptime 3 minutes
INFO   | jvm 1    | 2015/04/01 13:01:27 |  INFO | Apache ActiveMQ 5.10.0 (localhost, ID:apple-50986-1427853454984-0:1) is shutdown
INFO   | jvm 1    | 2015/04/01 13:01:27 |  INFO | Closing org.apache.activemq.xbean.XBeanBrokerFactory$1@25e054a6: startup date [Wed Apr 01 12:57:33 EST 2015]; root of context hierarchy
INFO   | jvm 1    | 2015/04/01 13:01:27 |  INFO | Destroying Spring FrameworkServlet 'dispatcher'
STATUS | wrapper  | 2015/04/01 13:01:28 | <-- Wrapper Stopped
